<?xml version="1.0" encoding="UTF-8"?>
<testng-results ignored="0" total="4" passed="3" failed="1" skipped="0">
  <reporter-output>
  </reporter-output>
  <suite started-at="2024-08-01T01:18:30 IST" name="Suite" finished-at="2024-08-01T01:18:36 IST" duration-ms="6120">
    <groups>
    </groups>
    <test started-at="2024-08-01T01:18:30 IST" name="Test" finished-at="2024-08-01T01:18:36 IST" duration-ms="6120">
      <class name="RoughPkg.RoughClass">
        <test-method is-config="true" signature="StartUp()[pri:0, instance:RoughPkg.RoughClass@3eb738bb]" started-at="2024-08-01T01:18:30 IST" name="StartUp" finished-at="2024-08-01T01:18:34 IST" duration-ms="3657" status="PASS">
          <reporter-output>
          </reporter-output>
        </test-method> <!-- StartUp -->
        <test-method signature="ValidateLogin()[pri:1, instance:RoughPkg.RoughClass@3eb738bb]" started-at="2024-08-01T01:18:34 IST" name="ValidateLogin" finished-at="2024-08-01T01:18:34 IST" duration-ms="526" status="FAIL">
          <exception class="java.lang.AssertionError">
            <message>
              <![CDATA[expected [Productss] but found [Products]]]>
            </message>
            <full-stacktrace>
              <![CDATA[java.lang.AssertionError: expected [Productss] but found [Products]
at org.testng.Assert.fail(Assert.java:111)
at org.testng.Assert.failNotEquals(Assert.java:1578)
at org.testng.Assert.assertEqualsImpl(Assert.java:150)
at org.testng.Assert.assertEquals(Assert.java:132)
at org.testng.Assert.assertEquals(Assert.java:656)
at org.testng.Assert.assertEquals(Assert.java:666)
at RoughPkg.RoughClass.ValidateLogin(RoughClass.java:36)
at java.base/jdk.internal.reflect.DirectMethodHandleAccessor.invoke(DirectMethodHandleAccessor.java:103)
at java.base/java.lang.reflect.Method.invoke(Method.java:580)
at org.testng.internal.invokers.MethodInvocationHelper.invokeMethod(MethodInvocationHelper.java:141)
at org.testng.internal.invokers.TestInvoker.invokeMethod(TestInvoker.java:686)
at org.testng.internal.invokers.TestInvoker.invokeTestMethod(TestInvoker.java:230)
at org.testng.internal.invokers.MethodRunner.runInSequence(MethodRunner.java:63)
at org.testng.internal.invokers.TestInvoker$MethodInvocationAgent.invoke(TestInvoker.java:992)
at org.testng.internal.invokers.TestInvoker.invokeTestMethods(TestInvoker.java:203)
at org.testng.internal.invokers.TestMethodWorker.invokeTestMethods(TestMethodWorker.java:154)
at org.testng.internal.invokers.TestMethodWorker.run(TestMethodWorker.java:134)
at java.base/java.util.ArrayList.forEach(ArrayList.java:1596)
at org.testng.TestRunner.privateRun(TestRunner.java:739)
at org.testng.TestRunner.run(TestRunner.java:614)
at org.testng.SuiteRunner.runTest(SuiteRunner.java:421)
at org.testng.SuiteRunner.runSequentially(SuiteRunner.java:413)
at org.testng.SuiteRunner.privateRun(SuiteRunner.java:373)
at org.testng.SuiteRunner.run(SuiteRunner.java:312)
at org.testng.SuiteRunnerWorker.runSuite(SuiteRunnerWorker.java:52)
at org.testng.SuiteRunnerWorker.run(SuiteRunnerWorker.java:95)
at org.testng.TestNG.runSuitesSequentially(TestNG.java:1274)
at org.testng.TestNG.runSuitesLocally(TestNG.java:1208)
at org.testng.TestNG.runSuites(TestNG.java:1112)
at org.testng.TestNG.run(TestNG.java:1079)
at org.testng.remote.AbstractRemoteTestNG.run(AbstractRemoteTestNG.java:115)
at org.testng.remote.RemoteTestNG.initAndRun(RemoteTestNG.java:293)
at org.testng.remote.RemoteTestNG.main(RemoteTestNG.java:91)
]]>
            </full-stacktrace>
          </exception> <!-- java.lang.AssertionError -->
          <reporter-output>
          </reporter-output>
        </test-method> <!-- ValidateLogin -->
        <test-method signature="SelectDropDowns()[pri:2, instance:RoughPkg.RoughClass@3eb738bb]" started-at="2024-08-01T01:18:35 IST" name="SelectDropDowns" finished-at="2024-08-01T01:18:35 IST" duration-ms="264" status="PASS">
          <reporter-output>
          </reporter-output>
        </test-method> <!-- SelectDropDowns -->
        <test-method signature="Tc()[pri:3, instance:RoughPkg.RoughClass@3eb738bb]" started-at="2024-08-01T01:18:35 IST" name="Tc" finished-at="2024-08-01T01:18:35 IST" duration-ms="2" status="PASS">
          <reporter-output>
          </reporter-output>
        </test-method> <!-- Tc -->
        <test-method signature="Scrilling()[pri:4, instance:RoughPkg.RoughClass@3eb738bb]" started-at="2024-08-01T01:18:35 IST" name="Scrilling" finished-at="2024-08-01T01:18:36 IST" duration-ms="508" status="PASS">
          <reporter-output>
          </reporter-output>
        </test-method> <!-- Scrilling -->
        <test-method is-config="true" signature="TearDown()[pri:0, instance:RoughPkg.RoughClass@3eb738bb]" started-at="2024-08-01T01:18:36 IST" name="TearDown" finished-at="2024-08-01T01:18:36 IST" duration-ms="319" status="PASS">
          <reporter-output>
          </reporter-output>
        </test-method> <!-- TearDown -->
      </class> <!-- RoughPkg.RoughClass -->
    </test> <!-- Test -->
  </suite> <!-- Suite -->
</testng-results>
