<?xml version="1.0" encoding="UTF-8"?>
<!-- Generated by org.testng.reporters.JUnitXMLReporter -->
<testsuite ignored="0" hostname="Rahul-Ramagiri" failures="1" tests="4" name="Test" time="6.12" errors="0" timestamp="2024-08-01T01:18:36 IST">
  <testcase classname="RoughPkg.RoughClass" name="ValidateLogin" time="0.526">
    <failure type="java.lang.AssertionError" message="expected [Productss] but found [Products]">
      <![CDATA[java.lang.AssertionError: expected [Productss] but found [Products]
at RoughPkg.RoughClass.ValidateLogin(RoughClass.java:36)
at java.base/java.util.ArrayList.forEach(ArrayList.java:1596)
... Removed 31 stack frames]]>
    </failure>
  </testcase> <!-- ValidateLogin -->
  <testcase classname="RoughPkg.RoughClass" name="SelectDropDowns" time="0.264"/>
  <testcase classname="RoughPkg.RoughClass" name="Tc" time="0.002"/>
  <testcase classname="RoughPkg.RoughClass" name="Scrilling" time="0.508"/>
</testsuite> <!-- Test -->
